0 info it worked if it ends with ok
1 verbose cli [
1 verbose cli   'C:\\Program Files\\nodejs\\node.exe',
1 verbose cli   'C:\\Users\\ASUS\\OneDrive\\Desktop\\KTVN\\Template\\Main Files\\node_modules\\npm\\bin\\npm-cli.js',
1 verbose cli   'run-script',
1 verbose cli   'start:frontend'
1 verbose cli ]
2 info using npm@6.14.8
3 info using node@v14.17.1
4 verbose run-script [ 'prestart:frontend', 'start:frontend', 'poststart:frontend' ]
5 info lifecycle challenge@0.1.0~prestart:frontend: challenge@0.1.0
6 info lifecycle challenge@0.1.0~start:frontend: challenge@0.1.0
7 verbose lifecycle challenge@0.1.0~start:frontend: unsafe-perm in lifecycle true
8 verbose lifecycle challenge@0.1.0~start:frontend: PATH: C:\Users\ASUS\OneDrive\Desktop\KTVN\Template\Main Files\node_modules\npm\node_modules\npm-lifecycle\node-gyp-bin;C:\Users\ASUS\OneDrive\Desktop\Fresher_Assignment-Quan\mana-do\node_modules\.bin;C:\Users\ASUS\bin;C:\Program Files\Git\mingw64\bin;C:\Program Files\Git\usr\local\bin;C:\Program Files\Git\usr\bin;C:\Program Files\Git\usr\bin;C:\Program Files\Git\mingw64\bin;C:\Program Files\Git\usr\bin;C:\Users\ASUS\bin;C:\WINDOWS\system32;C:\WINDOWS;C:\WINDOWS\System32\Wbem;C:\WINDOWS\System32\WindowsPowerShell\v1.0;C:\WINDOWS\System32\OpenSSH;C:\Program Files (x86)\NVIDIA Corporation\PhysX\Common;C:\Program Files\NVIDIA Corporation\NVIDIA NvDLISR;C:\Program Files\Git\cmd;C:\Program Files\nodejs;C:\Program Files\nodejs;C:\Users\ASUS\AppData\Local\Microsoft\WindowsApps;C:\Users\ASUS\AppData\Roaming\npm;C:\Program Files\nodejs;C:\Users\ASUS\AppData\Local\Programs\Microsoft VS Code\bin;C:\Program Files\Git\usr\bin\vendor_perl;C:\Program Files\Git\usr\bin\core_perl
9 verbose lifecycle challenge@0.1.0~start:frontend: CWD: C:\Users\ASUS\OneDrive\Desktop\Fresher_Assignment-Quan\mana-do
10 silly lifecycle challenge@0.1.0~start:frontend: Args: [
10 silly lifecycle   '/d /s /c',
10 silly lifecycle   'cross-env REACT_APP_WHOAMI=frontend react-scripts start'
10 silly lifecycle ]
11 silly lifecycle challenge@0.1.0~start:frontend: Returned: code: 1  signal: null
12 info lifecycle challenge@0.1.0~start:frontend: Failed to exec start:frontend script
13 verbose stack Error: challenge@0.1.0 start:frontend: `cross-env REACT_APP_WHOAMI=frontend react-scripts start`
13 verbose stack Exit status 1
13 verbose stack     at EventEmitter.<anonymous> (C:\Users\ASUS\OneDrive\Desktop\KTVN\Template\Main Files\node_modules\npm\node_modules\npm-lifecycle\index.js:332:16)
13 verbose stack     at EventEmitter.emit (events.js:375:28)
13 verbose stack     at ChildProcess.<anonymous> (C:\Users\ASUS\OneDrive\Desktop\KTVN\Template\Main Files\node_modules\npm\node_modules\npm-lifecycle\lib\spawn.js:55:14)
13 verbose stack     at ChildProcess.emit (events.js:375:28)
13 verbose stack     at maybeClose (internal/child_process.js:1055:16)
13 verbose stack     at Process.ChildProcess._handle.onexit (internal/child_process.js:288:5)
14 verbose pkgid challenge@0.1.0
15 verbose cwd C:\Users\ASUS\OneDrive\Desktop\Fresher_Assignment-Quan\mana-do
16 verbose Windows_NT 10.0.19043
17 verbose argv "C:\\Program Files\\nodejs\\node.exe" "C:\\Users\\ASUS\\OneDrive\\Desktop\\KTVN\\Template\\Main Files\\node_modules\\npm\\bin\\npm-cli.js" "run-script" "start:frontend"
18 verbose node v14.17.1
19 verbose npm  v6.14.8
20 error code ELIFECYCLE
21 error errno 1
22 error challenge@0.1.0 start:frontend: `cross-env REACT_APP_WHOAMI=frontend react-scripts start`
22 error Exit status 1
23 error Failed at the challenge@0.1.0 start:frontend script.
23 error This is probably not a problem with npm. There is likely additional logging output above.
24 verbose exit [ 1, true ]
